Build started 24/09/2013 15:34:15.
     1>Project "C:\Users\Dan\Downloads\lame-3.99.5\lame-3.99.5\libmp3lame-static-wp8\libmp3lame-static-wp8.vcxproj" on node 2 (Rebuild target(s)).
     1>ClCompile:
         C:\Program Files (x86)\Microsoft Visual Studio 11.0\VC\WPSDK\WP80\bin\x86_arm\CL.exe /c /I../mpglib /I../include /I.. /I../libmp3lame /I../include /I. /AI"C:\Program Files (x86)\Windows Phone Kits\8.0\Windows Metadata" /Zi /nologo /W1 /WX- /O2 /Oy- /GL /D _LIB /D _WINDOWS /D HAVE_MPGLIB /D HAVE_CONFIG_H /D NDEBUG /D WINAPI_FAMILY=WINAPI_FAMILY_PHONE_APP /Gm- /EHsc /MD /GS /fp:precise /Zc:wchar_t /Zc:forScope /Yc"pch.h" /Fp"ARM\Release\libmp3lame-static-wp8.pch" /Fo"ARM\Release\\" /Fd"ARM\Release\vc110.pdb" /Gd /TP /analyze- /errorReport:prompt pch.cpp
         pch.cpp
         C:\Program Files (x86)\Microsoft Visual Studio 11.0\VC\WPSDK\WP80\bin\x86_arm\CL.exe /c /I../mpglib /I../include /I.. /I../libmp3lame /I../include /I. /AI"C:\Program Files (x86)\Windows Phone Kits\8.0\Windows Metadata" /Zi /nologo /W1 /WX- /O2 /Oy- /GL /D _LIB /D _WINDOWS /D HAVE_MPGLIB /D HAVE_CONFIG_H /D NDEBUG /D WINAPI_FAMILY=WINAPI_FAMILY_PHONE_APP /Gm- /EHsc /MD /GS /fp:precise /Zc:wchar_t /Zc:forScope /Fo"ARM\Release\\" /Fd"ARM\Release\vc110.pdb" /Gd /TC /analyze- /errorReport:prompt ..\libmp3lame\bitstream.c ..\libmp3lame\encoder.c ..\libmp3lame\fft.c ..\libmp3lame\gain_analysis.c ..\libmp3lame\id3tag.c ..\libmp3lame\lame.c ..\libmp3lame\mpglib_interface.c ..\libmp3lame\newmdct.c ..\libmp3lame\presets.c ..\libmp3lame\psymodel.c ..\libmp3lame\quantize.c ..\libmp3lame\quantize_pvt.c ..\libmp3lame\reservoir.c ..\libmp3lame\set_get.c ..\libmp3lame\tables.c ..\libmp3lame\takehiro.c ..\libmp3lame\util.c ..\libmp3lame\vbrquantize.c ..\libmp3lame\VbrTag.c ..\libmp3lame\version.c ..\libmp3lame\vector\xmm_quantize_sub.c ..\mpglib\common.c ..\mpglib\dct64_i386.c ..\mpglib\decode_i386.c ..\mpglib\interface.c ..\mpglib\layer1.c ..\mpglib\layer2.c ..\mpglib\layer3.c ..\mpglib\tabinit.c
         bitstream.c
         encoder.c
         fft.c
         gain_analysis.c
         id3tag.c
         lame.c
         mpglib_interface.c
         newmdct.c
         presets.c
         psymodel.c
         quantize.c
         quantize_pvt.c
         reservoir.c
         set_get.c
         tables.c
         takehiro.c
         util.c
         vbrquantize.c
         VbrTag.c
         version.c
         Compiling...
         xmm_quantize_sub.c
         common.c
         dct64_i386.c
         decode_i386.c
         interface.c
         layer1.c
         layer2.c
         layer3.c
         tabinit.c
         C:\Program Files (x86)\Microsoft Visual Studio 11.0\VC\WPSDK\WP80\bin\x86_arm\CL.exe /c /I../mpglib /I../include /I.. /I../libmp3lame /I../include /I. /AI"C:\Program Files (x86)\Windows Phone Kits\8.0\Windows Metadata" /Zi /nologo /W1 /WX- /O2 /Oy- /GL /D _LIB /D _WINDOWS /D HAVE_MPGLIB /D HAVE_CONFIG_H /D NDEBUG /D WINAPI_FAMILY=WINAPI_FAMILY_PHONE_APP /Gm- /EHsc /MD /GS /fp:precise /Zc:wchar_t /Zc:forScope /Fo"ARM\Release\\" /Fd"ARM\Release\vc110.pdb" /Gd /TP /analyze- /errorReport:prompt "libmp3lame-static-wp8.cpp"
         libmp3lame-static-wp8.cpp
       Lib:
         C:\Program Files (x86)\Microsoft Visual Studio 11.0\VC\WPSDK\WP80\bin\x86_arm\Lib.exe /OUT:"C:\Users\Dan\Downloads\lame-3.99.5\lame-3.99.5\vc_solution\ARM\Release\libmp3lame-static-wp8\libmp3lame-static-wp8.lib" /NOLOGO /MACHINE:ARM /LTCG ARM\Release\bitstream.obj
         ARM\Release\encoder.obj
         ARM\Release\fft.obj
         ARM\Release\gain_analysis.obj
         ARM\Release\id3tag.obj
         ARM\Release\lame.obj
         ARM\Release\mpglib_interface.obj
         ARM\Release\newmdct.obj
         ARM\Release\presets.obj
         ARM\Release\psymodel.obj
         ARM\Release\quantize.obj
         ARM\Release\quantize_pvt.obj
         ARM\Release\reservoir.obj
         ARM\Release\set_get.obj
         ARM\Release\tables.obj
         ARM\Release\takehiro.obj
         ARM\Release\util.obj
         ARM\Release\vbrquantize.obj
         ARM\Release\VbrTag.obj
         ARM\Release\version.obj
         ARM\Release\xmm_quantize_sub.obj
         ARM\Release\common.obj
         ARM\Release\dct64_i386.obj
         ARM\Release\decode_i386.obj
         ARM\Release\interface.obj
         ARM\Release\layer1.obj
         ARM\Release\layer2.obj
         ARM\Release\layer3.obj
         ARM\Release\tabinit.obj
         "ARM\Release\libmp3lame-static-wp8.obj"
         ARM\Release\pch.obj
         libmp3lame-static-wp8.vcxproj -> C:\Users\Dan\Downloads\lame-3.99.5\lame-3.99.5\vc_solution\ARM\Release\libmp3lame-static-wp8\libmp3lame-static-wp8.lib
     1>Done Building Project "C:\Users\Dan\Downloads\lame-3.99.5\lame-3.99.5\libmp3lame-static-wp8\libmp3lame-static-wp8.vcxproj" (Rebuild target(s)).

Build succeeded.

Time Elapsed 00:00:04.11
