C:\USERS\DAN\DESKTOP\LAME.WINDOWSPHONE\LAMEDECODER\DEBUG\LAMEDECODER.PCH
C:\USERS\DAN\DESKTOP\LAME.WINDOWSPHONE\LAMEDECODER\DEBUG\PCH.OBJ
C:\USERS\DAN\DESKTOP\LAME.WINDOWSPHONE\LAMEDECODER\DEBUG\VC110.PDB
C:\USERS\DAN\DESKTOP\LAME.WINDOWSPHONE\LAMEDECODER\DEBUG\SPECTRUMANALYZERXAPO.OBJ
C:\USERS\DAN\DESKTOP\LAME.WINDOWSPHONE\LAMEDECODER\DEBUG\FFTSAMPLEAGGREGATOR.OBJ
C:\Users\Dan\Desktop\Lame.WindowsPhone\Debug\LameDecoder\LameDecoder.lib
C:\Users\Dan\Desktop\Lame.WindowsPhone\Debug\LameDecoder\LameDecoder.exp
C:\USERS\DAN\DESKTOP\LAME.WINDOWSPHONE\DEBUG\LAMEDECODER\LAMEDECODER.ILK
C:\USERS\DAN\DESKTOP\LAME.WINDOWSPHONE\DEBUG\LAMEDECODER\LAMEDECODER.DLL
C:\USERS\DAN\DESKTOP\LAME.WINDOWSPHONE\DEBUG\LAMEDECODER\LAMEDECODER.WINMD
C:\USERS\DAN\DESKTOP\LAME.WINDOWSPHONE\DEBUG\LAMEDECODER\LAMEDECODER.PDB
C:\Users\Dan\Desktop\Lame.WindowsPhone\LameDecoder\Debug\LameDecoder.vcxprojResolveAssemblyReference.cache
C:\Users\Dan\Desktop\Lame.WindowsPhone\LameDecoder\Debug\FFTSampleAggregator.obj
C:\Users\Dan\Desktop\Lame.WindowsPhone\LameDecoder\Debug\LameDecoder.obj
C:\Users\Dan\Desktop\Lame.WindowsPhone\LameDecoder\Debug\pch.obj
C:\Users\Dan\Desktop\Lame.WindowsPhone\LameDecoder\Debug\SpectrumAnalyzerXAPO.obj
C:\Users\Dan\Desktop\Lame.WindowsPhone\LameDecoder\Debug\CL.1956.read.1.tlog
C:\Users\Dan\Desktop\Lame.WindowsPhone\LameDecoder\Debug\CL.1956.write.1.tlog
C:\Users\Dan\Desktop\Lame.WindowsPhone\LameDecoder\Debug\CL.2916.read.1.tlog
C:\Users\Dan\Desktop\Lame.WindowsPhone\LameDecoder\Debug\CL.2916.write.1.tlog
C:\Users\Dan\Desktop\Lame.WindowsPhone\LameDecoder\Debug\CL.7232.read.1.tlog
C:\Users\Dan\Desktop\Lame.WindowsPhone\LameDecoder\Debug\CL.7232.write.1.tlog
C:\Users\Dan\Desktop\Lame.WindowsPhone\LameDecoder\Debug\cl.command.1.tlog
C:\Users\Dan\Desktop\Lame.WindowsPhone\LameDecoder\Debug\CL.read.1.tlog
C:\Users\Dan\Desktop\Lame.WindowsPhone\LameDecoder\Debug\CL.write.1.tlog
C:\Users\Dan\Desktop\Lame.WindowsPhone\LameDecoder\Debug\LameDecoder.write.1.tlog
C:\Users\Dan\Desktop\Lame.WindowsPhone\LameDecoder\Debug\link.3128.read.1.tlog
C:\Users\Dan\Desktop\Lame.WindowsPhone\LameDecoder\Debug\link.3128.write.1.tlog
C:\Users\Dan\Desktop\Lame.WindowsPhone\LameDecoder\Debug\link.7008.read.1.tlog
C:\Users\Dan\Desktop\Lame.WindowsPhone\LameDecoder\Debug\link.7008.write.1.tlog
C:\Users\Dan\Desktop\Lame.WindowsPhone\LameDecoder\Debug\link.7092.read.1.tlog
C:\Users\Dan\Desktop\Lame.WindowsPhone\LameDecoder\Debug\link.7092.write.1.tlog
C:\Users\Dan\Desktop\Lame.WindowsPhone\LameDecoder\Debug\link.7232.read.1.tlog
C:\Users\Dan\Desktop\Lame.WindowsPhone\LameDecoder\Debug\link.7232.write.1.tlog
C:\Users\Dan\Desktop\Lame.WindowsPhone\LameDecoder\Debug\link.7244.read.1.tlog
C:\Users\Dan\Desktop\Lame.WindowsPhone\LameDecoder\Debug\link.7244.write.1.tlog
C:\Users\Dan\Desktop\Lame.WindowsPhone\LameDecoder\Debug\link.command.1.tlog
C:\Users\Dan\Desktop\Lame.WindowsPhone\LameDecoder\Debug\link.read.1.tlog
C:\Users\Dan\Desktop\Lame.WindowsPhone\LameDecoder\Debug\link.write.1.tlog
C:\Users\Dan\Desktop\Lame.WindowsPhone\LameDecoder\Debug\LameDecoder.pch
C:\Users\Dan\Desktop\Lame.WindowsPhone\LameDecoder\Debug\vc110.idb
C:\Users\Dan\Desktop\Lame.WindowsPhone\LameDecoder\Debug\vc110.pdb
C:\Users\Dan\Desktop\Lame.WindowsPhone\Debug\LameDecoder\LameDecoder.pdb
C:\Users\Dan\Desktop\Lame.WindowsPhone\Debug\LameDecoder\LameDecoder.dll
C:\Users\Dan\Desktop\Lame.WindowsPhone\Debug\LameDecoder\LameDecoder.ilk
