Build started 24/09/2013 15:03:24.
     1>Project "C:\Users\Dan\Downloads\lame-3.99.5\lame-3.99.5\vc_solution\vc9_lame_mp3x.vcxproj" on node 4 (Build target(s)).
     1>ClCompile:
         C:\Program Files (x86)\Microsoft Visual Studio 11.0\VC\bin\CL.exe /c /I./WinGtk/src/gtk+ /I./WinGtk/src/glib /I./WinGtk/src/gtk+/gdk /I../include /I../libmp3lame /I../mp3x /I../frontend /I.. /Zi /nologo /W4 /WX- /Od /Oy- /D LAMESNDFILE /D BRHIST /D _DEBUG /D WIN32 /D _CONSOLE /D HAVE_MPGLIB /D HAVE_CONFIG_H /D TAKEHIRO_IEEE754_HACK /D _CRT_SECURE_NO_WARNINGS /D _CRT_SECURE_NO_DEPRECATED /D _MBCS /GF /Gm- /EHsc /MTd /GS /Gy /fp:precise /Zc:wchar_t /Zc:forScope /Fo"C:\Users\Dan\Downloads\lame-3.99.5\lame-3.99.5\vc_solution\..\obj\Debug\app mp3x\\" /Fd"C:\Users\Dan\Downloads\lame-3.99.5\lame-3.99.5\vc_solution\..\obj\Debug\app mp3x\vc110.pdb" /FR"C:\Users\Dan\Downloads\lame-3.99.5\lame-3.99.5\vc_solution\..\obj\Debug\app mp3x\\" /Gd /TC /wd4995 /wd4996 /analyze- /errorReport:prompt ..\frontend\brhist.c ..\frontend\console.c ..\frontend\get_audio.c ..\frontend\gpkplotting.c ..\frontend\gtkanal.c ..\frontend\lametime.c ..\frontend\main.c ..\frontend\mp3x.c ..\frontend\parse.c ..\frontend\timestatus.c
         brhist.c
         console.c
         get_audio.c
         gpkplotting.c
     1>c:\users\dan\downloads\lame-3.99.5\lame-3.99.5\frontend\gpkplotting.h(25): fatal error C1083: Cannot open include file: 'gtk/gtk.h': No such file or directory
         gtkanal.c
     1>..\frontend\gtkanal.c(28): fatal error C1083: Cannot open include file: 'gtk/gtk.h': No such file or directory
         lametime.c
         main.c
         mp3x.c
     1>..\frontend\mp3x.c(13): fatal error C1083: Cannot open include file: 'gtk/gtk.h': No such file or directory
         parse.c
         timestatus.c
         Generating Code...
     1>Done Building Project "C:\Users\Dan\Downloads\lame-3.99.5\lame-3.99.5\vc_solution\vc9_lame_mp3x.vcxproj" (Build target(s)) -- FAILED.

Build FAILED.

Time Elapsed 00:00:03.99
