Build started 25/09/2013 19:02:23.
     1>Project "E:\SRC\Lame.WindowsPhone\lame-3.99.5\libmp3lame-static-wp8\libmp3lame-static-wp8.vcxproj" on node 2 (Rebuild target(s)).
     1>ClCompile:
         C:\Program Files (x86)\Microsoft Visual Studio 11.0\VC\WPSDK\WP80\bin\x86_arm\CL.exe /c /I../mpglib /I../include /I.. /I../libmp3lame /I../include /I. /AI"C:\Program Files (x86)\Windows Phone Kits\8.0\Windows Metadata" /Zi /nologo /W1 /WX- /Od /Oy- /D _LIB /D _WINDOWS /D HAVE_MPGLIB /D HAVE_CONFIG_H /D WINAPI_FAMILY=WINAPI_FAMILY_PHONE_APP /Gm /EHsc /RTC1 /MDd /GS /fp:precise /Zc:wchar_t /Zc:forScope /Yc"pch.h" /Fp"ARM\Debug\libmp3lame-static-wp8.pch" /Fo"ARM\Debug\\" /Fd"ARM\Debug\vc110.pdb" /Gd /TP /analyze- /errorReport:prompt pch.cpp
         pch.cpp
         C:\Program Files (x86)\Microsoft Visual Studio 11.0\VC\WPSDK\WP80\bin\x86_arm\CL.exe /c /I../mpglib /I../include /I.. /I../libmp3lame /I../include /I. /AI"C:\Program Files (x86)\Windows Phone Kits\8.0\Windows Metadata" /Zi /nologo /W1 /WX- /Od /Oy- /D _LIB /D _WINDOWS /D HAVE_MPGLIB /D HAVE_CONFIG_H /D WINAPI_FAMILY=WINAPI_FAMILY_PHONE_APP /Gm /EHsc /RTC1 /MDd /GS /fp:precise /Zc:wchar_t /Zc:forScope /Fo"ARM\Debug\\" /Fd"ARM\Debug\vc110.pdb" /Gd /TC /analyze- /errorReport:prompt ..\libmp3lame\bitstream.c ..\libmp3lame\encoder.c ..\libmp3lame\fft.c ..\libmp3lame\gain_analysis.c ..\libmp3lame\id3tag.c ..\libmp3lame\lame.c ..\libmp3lame\mpglib_interface.c ..\libmp3lame\newmdct.c ..\libmp3lame\presets.c ..\libmp3lame\psymodel.c ..\libmp3lame\quantize.c ..\libmp3lame\quantize_pvt.c ..\libmp3lame\reservoir.c ..\libmp3lame\set_get.c ..\libmp3lame\tables.c ..\libmp3lame\takehiro.c ..\libmp3lame\util.c ..\libmp3lame\vbrquantize.c ..\libmp3lame\VbrTag.c ..\libmp3lame\version.c ..\libmp3lame\vector\xmm_quantize_sub.c ..\mpglib\common.c ..\mpglib\dct64_i386.c ..\mpglib\decode_i386.c ..\mpglib\interface.c ..\mpglib\layer1.c ..\mpglib\layer2.c ..\mpglib\layer3.c ..\mpglib\tabinit.c
         tabinit.c
         layer3.c
         layer2.c
         layer1.c
         interface.c
         decode_i386.c
         dct64_i386.c
         common.c
         xmm_quantize_sub.c
         version.c
         VbrTag.c
         vbrquantize.c
         util.c
         takehiro.c
         tables.c
         set_get.c
         reservoir.c
         quantize_pvt.c
         quantize.c
         psymodel.c
         Generating Code...
         Compiling...
         presets.c
         newmdct.c
         mpglib_interface.c
         lame.c
         id3tag.c
         gain_analysis.c
         fft.c
         encoder.c
         bitstream.c
         Generating Code...
         C:\Program Files (x86)\Microsoft Visual Studio 11.0\VC\WPSDK\WP80\bin\x86_arm\CL.exe /c /I../mpglib /I../include /I.. /I../libmp3lame /I../include /I. /AI"C:\Program Files (x86)\Windows Phone Kits\8.0\Windows Metadata" /Zi /nologo /W1 /WX- /Od /Oy- /D _LIB /D _WINDOWS /D HAVE_MPGLIB /D HAVE_CONFIG_H /D WINAPI_FAMILY=WINAPI_FAMILY_PHONE_APP /Gm /EHsc /RTC1 /MDd /GS /fp:precise /Zc:wchar_t /Zc:forScope /Fo"ARM\Debug\\" /Fd"ARM\Debug\vc110.pdb" /Gd /TP /analyze- /errorReport:prompt "libmp3lame-static-wp8.cpp"
         libmp3lame-static-wp8.cpp
       Lib:
         C:\Program Files (x86)\Microsoft Visual Studio 11.0\VC\WPSDK\WP80\bin\x86_arm\Lib.exe /OUT:"E:\SRC\Lame.WindowsPhone\ARM\Debug\libmp3lame-static-wp8\libmp3lame-static-wp8.lib" /NOLOGO /MACHINE:ARM ARM\Debug\bitstream.obj
         ARM\Debug\encoder.obj
         ARM\Debug\fft.obj
         ARM\Debug\gain_analysis.obj
         ARM\Debug\id3tag.obj
         ARM\Debug\lame.obj
         ARM\Debug\mpglib_interface.obj
         ARM\Debug\newmdct.obj
         ARM\Debug\presets.obj
         ARM\Debug\psymodel.obj
         ARM\Debug\quantize.obj
         ARM\Debug\quantize_pvt.obj
         ARM\Debug\reservoir.obj
         ARM\Debug\set_get.obj
         ARM\Debug\tables.obj
         ARM\Debug\takehiro.obj
         ARM\Debug\util.obj
         ARM\Debug\vbrquantize.obj
         ARM\Debug\VbrTag.obj
         ARM\Debug\version.obj
         ARM\Debug\xmm_quantize_sub.obj
         ARM\Debug\common.obj
         ARM\Debug\dct64_i386.obj
         ARM\Debug\decode_i386.obj
         ARM\Debug\interface.obj
         ARM\Debug\layer1.obj
         ARM\Debug\layer2.obj
         ARM\Debug\layer3.obj
         ARM\Debug\tabinit.obj
         "ARM\Debug\libmp3lame-static-wp8.obj"
         ARM\Debug\pch.obj
         libmp3lame-static-wp8.vcxproj -> E:\SRC\Lame.WindowsPhone\ARM\Debug\libmp3lame-static-wp8\libmp3lame-static-wp8.lib
     1>Done Building Project "E:\SRC\Lame.WindowsPhone\lame-3.99.5\libmp3lame-static-wp8\libmp3lame-static-wp8.vcxproj" (Rebuild target(s)).

Build succeeded.

Time Elapsed 00:00:06.91
